c:\users\nastya\source\repos\parkhomenko_maze\parkhomenko_maze\debug\vc142.pdb
c:\users\nastya\source\repos\parkhomenko_maze\parkhomenko_maze\debug\vc142.idb
c:\users\nastya\source\repos\parkhomenko_maze\parkhomenko_maze\debug\state.obj
c:\users\nastya\source\repos\parkhomenko_maze\parkhomenko_maze\debug\objects.obj
c:\users\nastya\source\repos\parkhomenko_maze\parkhomenko_maze\debug\main.obj
c:\users\nastya\source\repos\parkhomenko_maze\parkhomenko_maze\debug\tester.obj
c:\users\nastya\source\repos\parkhomenko_maze\parkhomenko_maze\debug\object.obj
c:\users\nastya\source\repos\parkhomenko_maze\parkhomenko_maze\debug\mainmenu.obj
c:\users\nastya\source\repos\parkhomenko_maze\parkhomenko_maze\debug\gameover.obj
c:\users\nastya\source\repos\parkhomenko_maze\parkhomenko_maze\debug\win.obj
c:\users\nastya\source\repos\parkhomenko_maze\debug\parkhomenko_maze.exe
c:\users\nastya\source\repos\parkhomenko_maze\debug\parkhomenko_maze.ilk
c:\users\nastya\source\repos\parkhomenko_maze\debug\parkhomenko_maze.pdb
c:\users\nastya\source\repos\parkhomenko_maze\parkhomenko_maze\debug\gameover.obj.enc
c:\users\nastya\source\repos\parkhomenko_maze\parkhomenko_maze\debug\main.obj.enc
c:\users\nastya\source\repos\parkhomenko_maze\parkhomenko_maze\debug\mainmenu.obj.enc
c:\users\nastya\source\repos\parkhomenko_maze\parkhomenko_maze\debug\state.obj.enc
c:\users\nastya\source\repos\parkhomenko_maze\parkhomenko_maze\debug\win.obj.enc
c:\users\nastya\source\repos\parkhomenko_maze\parkhomenko_maze\debug\parkhomenko_maze.tlog\cl.command.1.tlog
c:\users\nastya\source\repos\parkhomenko_maze\parkhomenko_maze\debug\parkhomenko_maze.tlog\cl.read.1.tlog
c:\users\nastya\source\repos\parkhomenko_maze\parkhomenko_maze\debug\parkhomenko_maze.tlog\cl.write.1.tlog
c:\users\nastya\source\repos\parkhomenko_maze\parkhomenko_maze\debug\parkhomenko_maze.tlog\link.command.1.tlog
c:\users\nastya\source\repos\parkhomenko_maze\parkhomenko_maze\debug\parkhomenko_maze.tlog\link.read.1.tlog
c:\users\nastya\source\repos\parkhomenko_maze\parkhomenko_maze\debug\parkhomenko_maze.tlog\link.write.1.tlog
